
2017-10-29 18:03:55,272 - DEBUG - ['webdriver_loc=chromedriver.exe', 'out_file=output.csv', 'page_timeout=20', 'Full_Name=Greg Smith', 'Email=smithgj66@hotmail.com', 'Street=', 'City=', 'Zip=55125,12009', 'Maiden_Last_Name=', 'Phone_Number=', 'Social_Security_Number=', 'Approximate_Age=', 'State=MN,NY', 'Date_of_Birth=', 'max_browsers=50', 'level=DEBUG']
2017-10-29 18:03:55,299 - DEBUG - 16
2017-10-29 18:03:55,299 - INFO - webdriver = chromedriver.exe
2017-10-29 18:03:55,299 - INFO - Output file = output10_29_2017.csv
2017-10-29 18:03:55,300 - INFO - page timeout = 20
2017-10-29 18:03:55,300 - INFO - max browsers = 50
2017-10-29 18:03:55,300 - INFO - log level = DEBUG
2017-10-29 18:03:55,300 - DEBUG - ['chromedriver.exe', 'output10_29_2017.csv', '20', ['Greg Smith'], ['smithgj66@hotmail.com'], [''], [''], ['55125', '12009'], [''], [''], [''], [''], ['MN', 'NY'], [''], '50', 'DEBUG']
2017-10-29 18:03:55,300 - DEBUG - inputs = 
2017-10-29 18:03:55,300 - DEBUG - ['chromedriver.exe', 'output10_29_2017.csv', '20', ['Greg Smith'], ['smithgj66@hotmail.com'], [''], [''], ['55125', '12009'], [''], [''], [''], [''], ['MN', 'NY'], [''], '50', 'DEBUG']
2017-10-29 18:03:55,301 - DEBUG - length of inputs = 16
2017-10-29 18:03:55,301 - DEBUG - <class 'list'>
2017-10-29 18:03:55,301 - DEBUG - input0 = chromedriver.exe
2017-10-29 18:03:55,301 - DEBUG - input1 = output10_29_2017.csv
2017-10-29 18:03:55,301 - DEBUG - input2 = 20
2017-10-29 18:03:55,301 - DEBUG - input3 = ['Greg Smith']
2017-10-29 18:03:55,301 - DEBUG - input4 = ['smithgj66@hotmail.com']
2017-10-29 18:03:55,302 - DEBUG - input5 = ['']
2017-10-29 18:03:55,302 - DEBUG - input6 = ['']
2017-10-29 18:03:55,302 - DEBUG - input7 = ['55125', '12009']
2017-10-29 18:03:55,302 - DEBUG - input8 = ['']
2017-10-29 18:03:55,302 - DEBUG - input9 = ['']
2017-10-29 18:03:55,302 - DEBUG - input10 = ['']
2017-10-29 18:03:55,302 - DEBUG - input11 = ['']
2017-10-29 18:03:55,303 - DEBUG - input12 = ['MN', 'NY']
2017-10-29 18:03:55,303 - DEBUG - input13 = ['']
2017-10-29 18:03:55,303 - DEBUG - input14 = 50
2017-10-29 18:03:55,303 - DEBUG - input15 = DEBUG
2017-10-29 18:03:55,303 - DEBUG - clean_inputs = ['chromedriver.exe', 'output10_29_2017.csv', '20', ['Greg Smith'], ['smithgj66@hotmail.com'], [''], [''], ['55125', '12009'], [''], [''], [''], [''], ['MN', 'NY'], [''], '50', 'DEBUG']
2017-10-29 18:03:55,303 - DEBUG - ['chromedriver.exe', 'output10_29_2017.csv', '20', ['Greg Smith'], ['smithgj66@hotmail.com'], [''], [''], ['55125', '12009'], [''], [''], [''], [''], ['MN', 'NY'], [''], '50', 'DEBUG']
2017-10-29 18:03:55,303 - DEBUG - input 3
2017-10-29 18:03:55,304 - DEBUG - ['Greg Smith']
2017-10-29 18:03:55,304 - DEBUG - input 4
2017-10-29 18:03:55,304 - DEBUG - ['smithgj66@hotmail.com']
2017-10-29 18:03:55,304 - DEBUG - input 5
2017-10-29 18:03:55,304 - DEBUG - ['']
2017-10-29 18:03:55,304 - DEBUG - input 6
2017-10-29 18:03:55,304 - DEBUG - ['']
2017-10-29 18:03:55,305 - DEBUG - input 7
2017-10-29 18:03:55,305 - DEBUG - ['55125', '12009']
2017-10-29 18:03:55,305 - DEBUG - input 8
2017-10-29 18:03:55,305 - DEBUG - ['']
2017-10-29 18:03:55,305 - DEBUG - input 9
2017-10-29 18:03:55,305 - DEBUG - ['']
2017-10-29 18:03:55,305 - DEBUG - input 10
2017-10-29 18:03:55,306 - DEBUG - ['']
2017-10-29 18:03:55,306 - DEBUG - input 11
2017-10-29 18:03:55,306 - DEBUG - ['']
2017-10-29 18:03:55,306 - DEBUG - input 12
2017-10-29 18:03:55,306 - DEBUG - ['MN', 'NY']
2017-10-29 18:03:55,306 - DEBUG - input 13
2017-10-29 18:03:55,306 - DEBUG - ['']
2017-10-29 18:03:55,307 - INFO - There are 4 scenarios to be run
2017-10-29 18:03:55,307 - DEBUG - Using selector: SelectSelector
